0 info it worked if it ends with ok
1 verbose cli [ 'C:\\Program Files\\nodejs\\node.exe',
1 verbose cli   'C:\\Program Files\\nodejs\\node_modules\\npm\\bin\\npm-cli.js',
1 verbose cli   'start' ]
2 info using npm@4.1.2
3 info using node@v7.6.0
4 verbose run-script [ 'prestart', 'start', 'poststart' ]
5 info lifecycle vuejs-example-code-test@0.0.1~prestart: vuejs-example-code-test@0.0.1
6 silly lifecycle vuejs-example-code-test@0.0.1~prestart: no script for prestart, continuing
7 info lifecycle vuejs-example-code-test@0.0.1~start: vuejs-example-code-test@0.0.1
8 verbose lifecycle vuejs-example-code-test@0.0.1~start: unsafe-perm in lifecycle true
9 verbose lifecycle vuejs-example-code-test@0.0.1~start: PATH: C:\Program Files\nodejs\node_modules\npm\bin\node-gyp-bin;D:\00_workspace\vueJSAPPs\node_modules\.bin;C:\ProgramData\Oracle\Java\javapath;C:\Windows\system32;C:\Windows;C:\Windows\System32\Wbem;C:\Windows\System32\WindowsPowerShell\v1.0\;C:\Users\open\.dnx\bin;C:\Program Files\Microsoft DNX\Dnvm\;C:\Program Files\Microsoft SQL Server\130\Tools\Binn\;D:\Anaconda3;D:\Anaconda3\Scripts;D:\Anaconda3\Library\bin;C:\Program Files (x86)\NVIDIA Corporation\PhysX\Common;C:\WINDOWS\system32;C:\WINDOWS;C:\WINDOWS\System32\Wbem;C:\WINDOWS\System32\WindowsPowerShell\v1.0\;C:\Program Files\Microsoft\Web Platform Installer\;C:\Program Files (x86)\GtkSharp\2.12\bin;C:\Go\bin;C:\Program Files\Git\cmd;C:\Program Files\nodejs\;D:\npm-global-modules;%JAVA_HOME%\bin;D:\00_DevTool\android_sdk\tools;D:\00_DevTool\android_sdk\platform-tools;;C:\Program Files (x86)\Microsoft VS Code\bin;C:\Users\open\AppData\Local\Microsoft\WindowsApps;C:\Users\open\AppData\Roaming\npm;
10 verbose lifecycle vuejs-example-code-test@0.0.1~start: CWD: D:\00_workspace\vueJSAPPs
11 silly lifecycle vuejs-example-code-test@0.0.1~start: Args: [ '/d /s /c', 'http-server ./ -a 0.0.0.0 -p 8000 -i -c 0' ]
12 verbose stack Error: kill ENOSYS
12 verbose stack     at exports._errnoException (util.js:1028:11)
12 verbose stack     at process.kill (internal/process.js:173:13)
12 verbose stack     at process.listener (C:\Program Files\nodejs\node_modules\npm\node_modules\npmlog\node_modules\gauge\node_modules\signal-exit\index.js:95:15)
12 verbose stack     at emitNone (events.js:86:13)
12 verbose stack     at process.emit (events.js:186:7)
12 verbose stack     at processEmit (C:\Program Files\nodejs\node_modules\npm\node_modules\npmlog\node_modules\gauge\node_modules\signal-exit\index.js:155:32)
12 verbose stack     at Signal.wrap.onsignal (internal/process.js:200:44)
13 verbose cwd D:\00_workspace\vueJSAPPs
14 error Windows_NT 10.0.15063
15 error argv "C:\\Program Files\\nodejs\\node.exe" "C:\\Program Files\\nodejs\\node_modules\\npm\\bin\\npm-cli.js" "start"
16 error node v7.6.0
17 error npm  v4.1.2
18 error code ENOSYS
19 error errno ENOSYS
20 error syscall kill
21 error kill ENOSYS
22 error If you need help, you may report this error at:
22 error     <https://github.com/npm/npm/issues>
23 verbose exit [ 1, true ]
